# JRE version: OpenJDK Runtime Environment (24.0.1+9) (build 24.0.1+9-30)
# Java VM: OpenJDK 64-Bit Server VM (24.0.1+9-30, mixed mode, emulated-client, sharing, tiered, compressed oops, compressed class ptrs, g1 gc, windows-amd64)
GC Precious Log:
 CardTable entry size: 512
 Card Set container configuration: InlinePtr #cards 4 size 8 Array Of Cards #cards 16 size 48 Howl #buckets 8 coarsen threshold 3686 Howl Bitmap #cards 512 size 80 coarsen threshold 460 Card regions per heap region 1 cards per card region 4096
 CPUs: 12 total, 12 available
 Memory: 16260M
 Large Page Support: Disabled
 NUMA Support: Disabled
 Compressed Oops: Enabled (Zero based)
 Heap Region Size: 2M
 Heap Min Capacity: 8M
 Heap Initial Capacity: 256M
 Heap Max Capacity: 4066M
 Pre-touch: Disabled
 Parallel Workers: 10
 Concurrent Workers: 3
 Concurrent Refinement Workers: 10
 Periodic GC: Disabled
Heap:
 garbage-first heap   total reserved 4163584K, committed 75776K, used 57884K [0x0000000701e00000, 0x0000000800000000)
  region size 2048K, 14 young (28672K), 2 survivors (4096K)
 Metaspace       used 72217K, committed 72896K, reserved 1114112K
  class space    used 8129K, committed 8384K, reserved 1048576K
GC Heap History (20 events):
Event: 2.973 GC heap before
{Heap before GC invocations=3 (full 0):
 garbage-first heap   total reserved 4163584K, committed 61440K, used 58597K [0x0000000701e00000, 0x0000000800000000)
  region size 2048K, 27 young (55296K), 6 survivors (12288K)
 Metaspace       used 25363K, committed 25728K, reserved 1114112K
  class space    used 2729K, committed 2880K, reserved 1048576K
}
Event: 2.982 GC heap after
{Heap after GC invocations=4 (full 0):
 garbage-first heap   total reserved 4163584K, committed 75776K, used 18533K [0x0000000701e00000, 0x0000000800000000)
  region size 2048K, 4 young (8192K), 4 survivors (8192K)
 Metaspace       used 25363K, committed 25728K, reserved 1114112K
  class space    used 2729K, committed 2880K, reserved 1048576K
}
Event: 3.417 GC heap before
{Heap before GC invocations=4 (full 0):
 garbage-first heap   total reserved 4163584K, committed 75776K, used 53349K [0x0000000701e00000, 0x0000000800000000)
  region size 2048K, 21 young (43008K), 4 survivors (8192K)
 Metaspace       used 29197K, committed 29568K, reserved 1114112K
  class space    used 3253K, committed 3392K, reserved 1048576K
}
Event: 3.426 GC heap after
{Heap after GC invocations=5 (full 0):
 garbage-first heap   total reserved 4163584K, committed 75776K, used 21176K [0x0000000701e00000, 0x0000000800000000)
  region size 2048K, 2 young (4096K), 2 survivors (4096K)
 Metaspace       used 29197K, committed 29568K, reserved 1114112K
  class space    used 3253K, committed 3392K, reserved 1048576K
}
Event: 4.069 GC heap before
{Heap before GC invocations=5 (full 0):
 garbage-first heap   total reserved 4163584K, committed 75776K, used 55992K [0x0000000701e00000, 0x0000000800000000)
  region size 2048K, 19 young (38912K), 2 survivors (4096K)
 Metaspace       used 34574K, committed 35008K, reserved 1114112K
  class space    used 3855K, committed 4032K, reserved 1048576K
}
Event: 4.072 GC heap after
{Heap after GC invocations=6 (full 0):
 garbage-first heap   total reserved 4163584K, committed 75776K, used 22974K [0x0000000701e00000, 0x0000000800000000)
  region size 2048K, 3 young (6144K), 3 survivors (6144K)
 Metaspace       used 34574K, committed 35008K, reserved 1114112K
  class space    used 3855K, committed 4032K, reserved 1048576K
}
Event: 4.146 GC heap before
{Heap before GC invocations=6 (full 0):
 garbage-first heap   total reserved 4163584K, committed 75776K, used 27070K [0x0000000701e00000, 0x0000000800000000)
  region size 2048K, 6 young (12288K), 3 survivors (6144K)
 Metaspace       used 35513K, committed 35968K, reserved 1114112K
  class space    used 3944K, committed 4160K, reserved 1048576K
}
Event: 4.150 GC heap after
{Heap after GC invocations=7 (full 0):
 garbage-first heap   total reserved 4163584K, committed 75776K, used 23539K [0x0000000701e00000, 0x0000000800000000)
  region size 2048K, 2 young (4096K), 2 survivors (4096K)
 Metaspace       used 35513K, committed 35968K, reserved 1114112K
  class space    used 3944K, committed 4160K, reserved 1048576K
}
Event: 5.450 GC heap before
{Heap before GC invocations=8 (full 0):
 garbage-first heap   total reserved 4163584K, committed 75776K, used 56307K [0x0000000701e00000, 0x0000000800000000)
  region size 2048K, 19 young (38912K), 2 survivors (4096K)
 Metaspace       used 47795K, committed 48320K, reserved 1114112K
  class space    used 5299K, committed 5504K, reserved 1048576K
}
Event: 5.453 GC heap after
{Heap after GC invocations=9 (full 0):
 garbage-first heap   total reserved 4163584K, committed 75776K, used 26670K [0x0000000701e00000, 0x0000000800000000)
  region size 2048K, 3 young (6144K), 3 survivors (6144K)
 Metaspace       used 47795K, committed 48320K, reserved 1114112K
  class space    used 5299K, committed 5504K, reserved 1048576K
}
Event: 6.103 GC heap before
{Heap before GC invocations=9 (full 0):
 garbage-first heap   total reserved 4163584K, committed 75776K, used 61486K [0x0000000701e00000, 0x0000000800000000)
  region size 2048K, 20 young (40960K), 3 survivors (6144K)
 Metaspace       used 57389K, committed 57920K, reserved 1114112K
  class space    used 6293K, committed 6528K, reserved 1048576K
}
Event: 6.108 GC heap after
{Heap after GC invocations=10 (full 0):
 garbage-first heap   total reserved 4163584K, committed 75776K, used 29221K [0x0000000701e00000, 0x0000000800000000)
  region size 2048K, 2 young (4096K), 2 survivors (4096K)
 Metaspace       used 57389K, committed 57920K, reserved 1114112K
  class space    used 6293K, committed 6528K, reserved 1048576K
}
Event: 6.414 GC heap before
{Heap before GC invocations=10 (full 0):
 garbage-first heap   total reserved 4163584K, committed 75776K, used 55845K [0x0000000701e00000, 0x0000000800000000)
  region size 2048K, 16 young (32768K), 2 survivors (4096K)
 Metaspace       used 59766K, committed 60288K, reserved 1114112K
  class space    used 6582K, committed 6848K, reserved 1048576K
}
Event: 6.416 GC heap after
{Heap after GC invocations=11 (full 0):
 garbage-first heap   total reserved 4163584K, committed 75776K, used 29733K [0x0000000701e00000, 0x0000000800000000)
  region size 2048K, 2 young (4096K), 2 survivors (4096K)
 Metaspace       used 59766K, committed 60288K, reserved 1114112K
  class space    used 6582K, committed 6848K, reserved 1048576K
}
Event: 7.348 GC heap before
{Heap before GC invocations=12 (full 0):
 garbage-first heap   total reserved 4163584K, committed 75776K, used 64549K [0x0000000701e00000, 0x0000000800000000)
  region size 2048K, 19 young (38912K), 2 survivors (4096K)
 Metaspace       used 64928K, committed 65536K, reserved 1114112K
  class space    used 7236K, committed 7488K, reserved 1048576K
}
Event: 7.352 GC heap after
{Heap after GC invocations=13 (full 0):
 garbage-first heap   total reserved 4163584K, committed 75776K, used 32601K [0x0000000701e00000, 0x0000000800000000)
  region size 2048K, 3 young (6144K), 3 survivors (6144K)
 Metaspace       used 64928K, committed 65536K, reserved 1114112K
  class space    used 7236K, committed 7488K, reserved 1048576K
}
Event: 7.846 GC heap before
{Heap before GC invocations=13 (full 0):
 garbage-first heap   total reserved 4163584K, committed 75776K, used 63321K [0x0000000701e00000, 0x0000000800000000)
  region size 2048K, 18 young (36864K), 3 survivors (6144K)
 Metaspace       used 67939K, committed 68544K, reserved 1114112K
  class space    used 7630K, committed 7872K, reserved 1048576K
}
Event: 7.852 GC heap after
{Heap after GC invocations=14 (full 0):
 garbage-first heap   total reserved 4163584K, committed 75776K, used 34679K [0x0000000701e00000, 0x0000000800000000)
  region size 2048K, 3 young (6144K), 3 survivors (6144K)
 Metaspace       used 67939K, committed 68544K, reserved 1114112K
  class space    used 7630K, committed 7872K, reserved 1048576K
}
Event: 8.174 GC heap before
{Heap before GC invocations=14 (full 0):
 garbage-first heap   total reserved 4163584K, committed 75776K, used 61303K [0x0000000701e00000, 0x0000000800000000)
  region size 2048K, 16 young (32768K), 3 survivors (6144K)
 Metaspace       used 70415K, committed 71040K, reserved 1114112K
  class space    used 7890K, committed 8128K, reserved 1048576K
}
Event: 8.178 GC heap after
{Heap after GC invocations=15 (full 0):
 garbage-first heap   total reserved 4163584K, committed 75776K, used 37404K [0x0000000701e00000, 0x0000000800000000)
  region size 2048K, 2 young (4096K), 2 survivors (4096K)
 Metaspace       used 70415K, committed 71040K, reserved 1114112K
  class space    used 7890K, committed 8128K, reserved 1048576K
}

